e:\0 expedition\c & c++\4 c++ improve\1 template\x64\debug\vc143.pdb
e:\0 expedition\c & c++\4 c++ improve\1 template\x64\debug\vc143.idb
e:\0 expedition\c & c++\4 c++ improve\1 template\x64\debug\person13.obj
e:\0 expedition\c & c++\4 c++ improve\1 template\x64\debug\13 类模板份文件编写.obj
e:\0 expedition\c & c++\4 c++ improve\1 template\x64\debug\12 类模板成员函数的类外实现.obj
e:\0 expedition\c & c++\4 c++ improve\1 template\x64\debug\11 类模板与继承.obj
e:\0 expedition\c & c++\4 c++ improve\1 template\x64\debug\10 类模板对象做函数参数.obj
e:\0 expedition\c & c++\4 c++ improve\1 template\x64\debug\09 类模板中成员函数创建时机.obj
e:\0 expedition\c & c++\4 c++ improve\1 template\x64\debug\08 类模板与函数模板的区别.obj
e:\0 expedition\c & c++\4 c++ improve\1 template\x64\debug\07 类模板.obj
e:\0 expedition\c & c++\4 c++ improve\1 template\x64\debug\06 模板的局限性.obj
e:\0 expedition\c & c++\4 c++ improve\1 template\x64\debug\05 普通函数与函数模板调用规则.obj
e:\0 expedition\c & c++\4 c++ improve\1 template\x64\debug\04 普通函数与函数模板区别.obj
e:\0 expedition\c & c++\4 c++ improve\1 template\x64\debug\03 函数模板案例.obj
e:\0 expedition\c & c++\4 c++ improve\1 template\x64\debug\02 函数模板注意事项.obj
e:\0 expedition\c & c++\4 c++ improve\1 template\x64\debug\01 函数模板语法.obj
e:\0 expedition\c & c++\4 c++ improve\1 template\x64\debug\1 template.ilk
e:\0 expedition\c & c++\4 c++ improve\1 template\x64\debug\1 template.exe
e:\0 expedition\c & c++\4 c++ improve\1 template\x64\debug\1 template.pdb
e:\0 expedition\c & c++\4 c++ improve\1 template\x64\debug\1 template.tlog\cl.command.1.tlog
e:\0 expedition\c & c++\4 c++ improve\1 template\x64\debug\1 template.tlog\cl.read.1.tlog
e:\0 expedition\c & c++\4 c++ improve\1 template\x64\debug\1 template.tlog\cl.write.1.tlog
e:\0 expedition\c & c++\4 c++ improve\1 template\x64\debug\1 template.tlog\link.command.1.tlog
e:\0 expedition\c & c++\4 c++ improve\1 template\x64\debug\1 template.tlog\link.read.1.tlog
e:\0 expedition\c & c++\4 c++ improve\1 template\x64\debug\1 template.tlog\link.write.1.tlog
